Determining if the include file xlocale.h exists failed with the following output:
Change Dir: /mnt/c/Users/C24Ameen.Khan/Documents/school/Sophomore Year/Fall21/CS210/final_project/json-c-build/CMakeFiles/CMakeTmp

Run Build Command(s):/usr/bin/gmake -f Makefile cmTC_99cf7/fast && /usr/bin/gmake  -f CMakeFiles/cmTC_99cf7.dir/build.make CMakeFiles/cmTC_99cf7.dir/build
gmake[1]: Entering directory '/mnt/c/Users/C24Ameen.Khan/Documents/school/Sophomore Year/Fall21/CS210/final_project/json-c-build/CMakeFiles/CMakeTmp'
Building C object CMakeFiles/cmTC_99cf7.dir/CheckIncludeFile.c.o
/usr/bin/cc -D_GNU_SOURCE  -fPIE -o CMakeFiles/cmTC_99cf7.dir/CheckIncludeFile.c.o -c "/mnt/c/Users/C24Ameen.Khan/Documents/school/Sophomore Year/Fall21/CS210/final_project/json-c-build/CMakeFiles/CMakeTmp/CheckIncludeFile.c"
/mnt/c/Users/C24Ameen.Khan/Documents/school/Sophomore Year/Fall21/CS210/final_project/json-c-build/CMakeFiles/CMakeTmp/CheckIncludeFile.c:1:10: fatal error: xlocale.h: No such file or directory
    1 | #include <xlocale.h>
      |          ^~~~~~~~~~~
compilation terminated.
gmake[1]: *** [CMakeFiles/cmTC_99cf7.dir/build.make:78: CMakeFiles/cmTC_99cf7.dir/CheckIncludeFile.c.o] Error 1
gmake[1]: Leaving directory '/mnt/c/Users/C24Ameen.Khan/Documents/school/Sophomore Year/Fall21/CS210/final_project/json-c-build/CMakeFiles/CMakeTmp'
gmake: *** [Makefile:127: cmTC_99cf7/fast] Error 2



Determining if the _isnan exist failed with the following output:
Change Dir: /mnt/c/Users/C24Ameen.Khan/Documents/school/Sophomore Year/Fall21/CS210/final_project/json-c-build/CMakeFiles/CMakeTmp

Run Build Command(s):/usr/bin/gmake -f Makefile cmTC_dd5ac/fast && /usr/bin/gmake  -f CMakeFiles/cmTC_dd5ac.dir/build.make CMakeFiles/cmTC_dd5ac.dir/build
gmake[1]: Entering directory '/mnt/c/Users/C24Ameen.Khan/Documents/school/Sophomore Year/Fall21/CS210/final_project/json-c-build/CMakeFiles/CMakeTmp'
Building C object CMakeFiles/cmTC_dd5ac.dir/CheckSymbolExists.c.o
/usr/bin/cc -D_GNU_SOURCE  -fPIE -o CMakeFiles/cmTC_dd5ac.dir/CheckSymbolExists.c.o -c "/mnt/c/Users/C24Ameen.Khan/Documents/school/Sophomore Year/Fall21/CS210/final_project/json-c-build/CMakeFiles/CMakeTmp/CheckSymbolExists.c"
/mnt/c/Users/C24Ameen.Khan/Documents/school/Sophomore Year/Fall21/CS210/final_project/json-c-build/CMakeFiles/CMakeTmp/CheckSymbolExists.c: In function ‘main’:
/mnt/c/Users/C24Ameen.Khan/Documents/school/Sophomore Year/Fall21/CS210/final_project/json-c-build/CMakeFiles/CMakeTmp/CheckSymbolExists.c:8:19: error: ‘_isnan’ undeclared (first use in this function)
    8 |   return ((int*)(&_isnan))[argc];
      |                   ^~~~~~
/mnt/c/Users/C24Ameen.Khan/Documents/school/Sophomore Year/Fall21/CS210/final_project/json-c-build/CMakeFiles/CMakeTmp/CheckSymbolExists.c:8:19: note: each undeclared identifier is reported only once for each function it appears in
gmake[1]: *** [CMakeFiles/cmTC_dd5ac.dir/build.make:78: CMakeFiles/cmTC_dd5ac.dir/CheckSymbolExists.c.o] Error 1
gmake[1]: Leaving directory '/mnt/c/Users/C24Ameen.Khan/Documents/school/Sophomore Year/Fall21/CS210/final_project/json-c-build/CMakeFiles/CMakeTmp'
gmake: *** [Makefile:127: cmTC_dd5ac/fast] Error 2


File /mnt/c/Users/C24Ameen.Khan/Documents/school/Sophomore Year/Fall21/CS210/final_project/json-c-build/CMakeFiles/CMakeTmp/CheckSymbolExists.c:
/* */
#include <float.h>

int main(int argc, char** argv)
{
  (void)argv;
#ifndef _isnan
  return ((int*)(&_isnan))[argc];
#else
  (void)argc;
  return 0;
#endif
}
Determining if the _finite exist failed with the following output:
Change Dir: /mnt/c/Users/C24Ameen.Khan/Documents/school/Sophomore Year/Fall21/CS210/final_project/json-c-build/CMakeFiles/CMakeTmp

Run Build Command(s):/usr/bin/gmake -f Makefile cmTC_ae2bc/fast && /usr/bin/gmake  -f CMakeFiles/cmTC_ae2bc.dir/build.make CMakeFiles/cmTC_ae2bc.dir/build
gmake[1]: Entering directory '/mnt/c/Users/C24Ameen.Khan/Documents/school/Sophomore Year/Fall21/CS210/final_project/json-c-build/CMakeFiles/CMakeTmp'
Building C object CMakeFiles/cmTC_ae2bc.dir/CheckSymbolExists.c.o
/usr/bin/cc -D_GNU_SOURCE  -fPIE -o CMakeFiles/cmTC_ae2bc.dir/CheckSymbolExists.c.o -c "/mnt/c/Users/C24Ameen.Khan/Documents/school/Sophomore Year/Fall21/CS210/final_project/json-c-build/CMakeFiles/CMakeTmp/CheckSymbolExists.c"
/mnt/c/Users/C24Ameen.Khan/Documents/school/Sophomore Year/Fall21/CS210/final_project/json-c-build/CMakeFiles/CMakeTmp/CheckSymbolExists.c: In function ‘main’:
/mnt/c/Users/C24Ameen.Khan/Documents/school/Sophomore Year/Fall21/CS210/final_project/json-c-build/CMakeFiles/CMakeTmp/CheckSymbolExists.c:8:19: error: ‘_finite’ undeclared (first use in this function)
    8 |   return ((int*)(&_finite))[argc];
      |                   ^~~~~~~
/mnt/c/Users/C24Ameen.Khan/Documents/school/Sophomore Year/Fall21/CS210/final_project/json-c-build/CMakeFiles/CMakeTmp/CheckSymbolExists.c:8:19: note: each undeclared identifier is reported only once for each function it appears in
gmake[1]: *** [CMakeFiles/cmTC_ae2bc.dir/build.make:78: CMakeFiles/cmTC_ae2bc.dir/CheckSymbolExists.c.o] Error 1
gmake[1]: Leaving directory '/mnt/c/Users/C24Ameen.Khan/Documents/school/Sophomore Year/Fall21/CS210/final_project/json-c-build/CMakeFiles/CMakeTmp'
gmake: *** [Makefile:127: cmTC_ae2bc/fast] Error 2


File /mnt/c/Users/C24Ameen.Khan/Documents/school/Sophomore Year/Fall21/CS210/final_project/json-c-build/CMakeFiles/CMakeTmp/CheckSymbolExists.c:
/* */
#include <float.h>

int main(int argc, char** argv)
{
  (void)argv;
#ifndef _finite
  return ((int*)(&_finite))[argc];
#else
  (void)argc;
  return 0;
#endif
}
Determining if the _doprnt exist failed with the following output:
Change Dir: /mnt/c/Users/C24Ameen.Khan/Documents/school/Sophomore Year/Fall21/CS210/final_project/json-c-build/CMakeFiles/CMakeTmp

Run Build Command(s):/usr/bin/gmake -f Makefile cmTC_7c16a/fast && /usr/bin/gmake  -f CMakeFiles/cmTC_7c16a.dir/build.make CMakeFiles/cmTC_7c16a.dir/build
gmake[1]: Entering directory '/mnt/c/Users/C24Ameen.Khan/Documents/school/Sophomore Year/Fall21/CS210/final_project/json-c-build/CMakeFiles/CMakeTmp'
Building C object CMakeFiles/cmTC_7c16a.dir/CheckSymbolExists.c.o
/usr/bin/cc -D_GNU_SOURCE  -fPIE -o CMakeFiles/cmTC_7c16a.dir/CheckSymbolExists.c.o -c "/mnt/c/Users/C24Ameen.Khan/Documents/school/Sophomore Year/Fall21/CS210/final_project/json-c-build/CMakeFiles/CMakeTmp/CheckSymbolExists.c"
/mnt/c/Users/C24Ameen.Khan/Documents/school/Sophomore Year/Fall21/CS210/final_project/json-c-build/CMakeFiles/CMakeTmp/CheckSymbolExists.c: In function ‘main’:
/mnt/c/Users/C24Ameen.Khan/Documents/school/Sophomore Year/Fall21/CS210/final_project/json-c-build/CMakeFiles/CMakeTmp/CheckSymbolExists.c:8:19: error: ‘_doprnt’ undeclared (first use in this function)
    8 |   return ((int*)(&_doprnt))[argc];
      |                   ^~~~~~~
/mnt/c/Users/C24Ameen.Khan/Documents/school/Sophomore Year/Fall21/CS210/final_project/json-c-build/CMakeFiles/CMakeTmp/CheckSymbolExists.c:8:19: note: each undeclared identifier is reported only once for each function it appears in
gmake[1]: *** [CMakeFiles/cmTC_7c16a.dir/build.make:78: CMakeFiles/cmTC_7c16a.dir/CheckSymbolExists.c.o] Error 1
gmake[1]: Leaving directory '/mnt/c/Users/C24Ameen.Khan/Documents/school/Sophomore Year/Fall21/CS210/final_project/json-c-build/CMakeFiles/CMakeTmp'
gmake: *** [Makefile:127: cmTC_7c16a/fast] Error 2


File /mnt/c/Users/C24Ameen.Khan/Documents/school/Sophomore Year/Fall21/CS210/final_project/json-c-build/CMakeFiles/CMakeTmp/CheckSymbolExists.c:
/* */
#include <stdio.h>

int main(int argc, char** argv)
{
  (void)argv;
#ifndef _doprnt
  return ((int*)(&_doprnt))[argc];
#else
  (void)argc;
  return 0;
#endif
}
Determining if the arc4random exist failed with the following output:
Change Dir: /mnt/c/Users/C24Ameen.Khan/Documents/school/Sophomore Year/Fall21/CS210/final_project/json-c-build/CMakeFiles/CMakeTmp

Run Build Command(s):/usr/bin/gmake -f Makefile cmTC_e299f/fast && /usr/bin/gmake  -f CMakeFiles/cmTC_e299f.dir/build.make CMakeFiles/cmTC_e299f.dir/build
gmake[1]: Entering directory '/mnt/c/Users/C24Ameen.Khan/Documents/school/Sophomore Year/Fall21/CS210/final_project/json-c-build/CMakeFiles/CMakeTmp'
Building C object CMakeFiles/cmTC_e299f.dir/CheckSymbolExists.c.o
/usr/bin/cc -D_GNU_SOURCE  -fPIE -o CMakeFiles/cmTC_e299f.dir/CheckSymbolExists.c.o -c "/mnt/c/Users/C24Ameen.Khan/Documents/school/Sophomore Year/Fall21/CS210/final_project/json-c-build/CMakeFiles/CMakeTmp/CheckSymbolExists.c"
/mnt/c/Users/C24Ameen.Khan/Documents/school/Sophomore Year/Fall21/CS210/final_project/json-c-build/CMakeFiles/CMakeTmp/CheckSymbolExists.c: In function ‘main’:
/mnt/c/Users/C24Ameen.Khan/Documents/school/Sophomore Year/Fall21/CS210/final_project/json-c-build/CMakeFiles/CMakeTmp/CheckSymbolExists.c:8:19: error: ‘arc4random’ undeclared (first use in this function); did you mean ‘srandom’?
    8 |   return ((int*)(&arc4random))[argc];
      |                   ^~~~~~~~~~
      |                   srandom
/mnt/c/Users/C24Ameen.Khan/Documents/school/Sophomore Year/Fall21/CS210/final_project/json-c-build/CMakeFiles/CMakeTmp/CheckSymbolExists.c:8:19: note: each undeclared identifier is reported only once for each function it appears in
gmake[1]: *** [CMakeFiles/cmTC_e299f.dir/build.make:78: CMakeFiles/cmTC_e299f.dir/CheckSymbolExists.c.o] Error 1
gmake[1]: Leaving directory '/mnt/c/Users/C24Ameen.Khan/Documents/school/Sophomore Year/Fall21/CS210/final_project/json-c-build/CMakeFiles/CMakeTmp'
gmake: *** [Makefile:127: cmTC_e299f/fast] Error 2


File /mnt/c/Users/C24Ameen.Khan/Documents/school/Sophomore Year/Fall21/CS210/final_project/json-c-build/CMakeFiles/CMakeTmp/CheckSymbolExists.c:
/* */
#include <stdlib.h>

int main(int argc, char** argv)
{
  (void)argv;
#ifndef arc4random
  return ((int*)(&arc4random))[argc];
#else
  (void)argc;
  return 0;
#endif
}
Determining if the include file bsd/stdlib.h exists failed with the following output:
Change Dir: /mnt/c/Users/C24Ameen.Khan/Documents/school/Sophomore Year/Fall21/CS210/final_project/json-c-build/CMakeFiles/CMakeTmp

Run Build Command(s):/usr/bin/gmake -f Makefile cmTC_09367/fast && /usr/bin/gmake  -f CMakeFiles/cmTC_09367.dir/build.make CMakeFiles/cmTC_09367.dir/build
gmake[1]: Entering directory '/mnt/c/Users/C24Ameen.Khan/Documents/school/Sophomore Year/Fall21/CS210/final_project/json-c-build/CMakeFiles/CMakeTmp'
Building C object CMakeFiles/cmTC_09367.dir/CheckIncludeFile.c.o
/usr/bin/cc -D_GNU_SOURCE  -fPIE -o CMakeFiles/cmTC_09367.dir/CheckIncludeFile.c.o -c "/mnt/c/Users/C24Ameen.Khan/Documents/school/Sophomore Year/Fall21/CS210/final_project/json-c-build/CMakeFiles/CMakeTmp/CheckIncludeFile.c"
/mnt/c/Users/C24Ameen.Khan/Documents/school/Sophomore Year/Fall21/CS210/final_project/json-c-build/CMakeFiles/CMakeTmp/CheckIncludeFile.c:1:10: fatal error: bsd/stdlib.h: No such file or directory
    1 | #include <bsd/stdlib.h>
      |          ^~~~~~~~~~~~~~
compilation terminated.
gmake[1]: *** [CMakeFiles/cmTC_09367.dir/build.make:78: CMakeFiles/cmTC_09367.dir/CheckIncludeFile.c.o] Error 1
gmake[1]: Leaving directory '/mnt/c/Users/C24Ameen.Khan/Documents/school/Sophomore Year/Fall21/CS210/final_project/json-c-build/CMakeFiles/CMakeTmp'
gmake: *** [Makefile:127: cmTC_09367/fast] Error 2



Performing C SOURCE FILE Test HAS_GNU_WARNING_LONG failed with the following output:
Change Dir: /mnt/c/Users/C24Ameen.Khan/Documents/school/Sophomore Year/Fall21/CS210/final_project/json-c-build/CMakeFiles/CMakeTmp

Run Build Command(s):/usr/bin/gmake -f Makefile cmTC_0041f/fast && /usr/bin/gmake  -f CMakeFiles/cmTC_0041f.dir/build.make CMakeFiles/cmTC_0041f.dir/build
gmake[1]: Entering directory '/mnt/c/Users/C24Ameen.Khan/Documents/school/Sophomore Year/Fall21/CS210/final_project/json-c-build/CMakeFiles/CMakeTmp'
Building C object CMakeFiles/cmTC_0041f.dir/src.c.o
/usr/bin/cc -DHAS_GNU_WARNING_LONG -D_GNU_SOURCE  -fPIE -o CMakeFiles/cmTC_0041f.dir/src.c.o -c "/mnt/c/Users/C24Ameen.Khan/Documents/school/Sophomore Year/Fall21/CS210/final_project/json-c-build/CMakeFiles/CMakeTmp/src.c"
/mnt/c/Users/C24Ameen.Khan/Documents/school/Sophomore Year/Fall21/CS210/final_project/json-c-build/CMakeFiles/CMakeTmp/src.c:3:9: warning: missing terminating " character
    3 | __asm__(".section .gnu.json_object_get
      |         ^
/mnt/c/Users/C24Ameen.Khan/Documents/school/Sophomore Year/Fall21/CS210/final_project/json-c-build/CMakeFiles/CMakeTmp/src.c:3:9: error: missing terminating " character
    3 | __asm__(".section .gnu.json_object_get
      |         ^~~~~~~~~~~~~~~~~~~~~~~~~~~~~~
/mnt/c/Users/C24Ameen.Khan/Documents/school/Sophomore Year/Fall21/CS210/final_project/json-c-build/CMakeFiles/CMakeTmp/src.c:4:2: error: expected string literal before ‘.’ token
    4 |  .ascii "Please link against libjson-c instead of libjson"
      |  ^
/mnt/c/Users/C24Ameen.Khan/Documents/school/Sophomore Year/Fall21/CS210/final_project/json-c-build/CMakeFiles/CMakeTmp/src.c:5:7: warning: missing terminating " character
    5 |  .text");
      |       ^
/mnt/c/Users/C24Ameen.Khan/Documents/school/Sophomore Year/Fall21/CS210/final_project/json-c-build/CMakeFiles/CMakeTmp/src.c:5:7: error: missing terminating " character
    5 |  .text");
      |       ^~~
gmake[1]: *** [CMakeFiles/cmTC_0041f.dir/build.make:78: CMakeFiles/cmTC_0041f.dir/src.c.o] Error 1
gmake[1]: Leaving directory '/mnt/c/Users/C24Ameen.Khan/Documents/school/Sophomore Year/Fall21/CS210/final_project/json-c-build/CMakeFiles/CMakeTmp'
gmake: *** [Makefile:127: cmTC_0041f/fast] Error 2


Source file was:

extern void json_object_get();
__asm__(".section .gnu.json_object_get
	.ascii "Please link against libjson-c instead of libjson"
	.text");
int main(int c, char *v) { return 0;}

Performing C SOURCE FILE Test VERSION_SCRIPT_WORKS failed with the following output:
Change Dir: /mnt/c/Users/C24Ameen.Khan/Documents/school/Sophomore Year/Fall21/CS210/final_project/json-c-build/CMakeFiles/CMakeTmp

Run Build Command(s):/usr/bin/gmake -f Makefile cmTC_894be/fast && /usr/bin/gmake  -f CMakeFiles/cmTC_894be.dir/build.make CMakeFiles/cmTC_894be.dir/build
gmake[1]: Entering directory '/mnt/c/Users/C24Ameen.Khan/Documents/school/Sophomore Year/Fall21/CS210/final_project/json-c-build/CMakeFiles/CMakeTmp'
Building C object CMakeFiles/cmTC_894be.dir/src.c.o
/usr/bin/cc -DVERSION_SCRIPT_WORKS -D_GNU_SOURCE  -ffunction-sections -fdata-sections -Werror -Wall -Wcast-qual -Wno-error=deprecated-declarations -Wextra -Wwrite-strings -Wno-unused-parameter -Wstrict-prototypes  -fPIE -o CMakeFiles/cmTC_894be.dir/src.c.o -c "/mnt/c/Users/C24Ameen.Khan/Documents/school/Sophomore Year/Fall21/CS210/final_project/json-c-build/CMakeFiles/CMakeTmp/src.c"
Linking C executable cmTC_894be
/usr/bin/cmake -E cmake_link_script CMakeFiles/cmTC_894be.dir/link.txt --verbose=1
/usr/bin/cc  -ffunction-sections -fdata-sections -Werror -Wall -Wcast-qual -Wno-error=deprecated-declarations -Wextra -Wwrite-strings -Wno-unused-parameter -Wstrict-prototypes  -rdynamic CMakeFiles/cmTC_894be.dir/src.c.o -o cmTC_894be  -lm -Wl,--version-script,/mnt/c/Users/C24Ameen.Khan/Documents/school/Sophomore Year/Fall21/CS210/final_project/json-c-build/check-version-script.sym 
cc: error: Year/Fall21/CS210/final_project/json-c-build/check-version-script.sym: No such file or directory
gmake[1]: *** [CMakeFiles/cmTC_894be.dir/build.make:99: cmTC_894be] Error 1
gmake[1]: Leaving directory '/mnt/c/Users/C24Ameen.Khan/Documents/school/Sophomore Year/Fall21/CS210/final_project/json-c-build/CMakeFiles/CMakeTmp'
gmake: *** [Makefile:127: cmTC_894be/fast] Error 2


Source file was:

	int main (void)
	{
	  return 0;
	}
	
